# JRE version: OpenJDK Runtime Environment (8.0_242) (build 1.8.0_242-release-1644-b3-6222593)
# Java VM: OpenJDK 64-Bit Server VM (25.242-b3-6222593 mixed mode linux-amd64 compressed oops)
Heap:
 PSYoungGen      total 527360K, used 415104K [0x00000000d5580000, 0x0000000100000000, 0x0000000100000000)
  eden space 417792K, 73% used [0x00000000d5580000,0x00000000e8029db0,0x00000000eed80000)
  from space 109568K, 99% used [0x00000000eed80000,0x00000000f5836388,0x00000000f5880000)
  to   space 152064K, 0% used [0x00000000f6b80000,0x00000000f6b80000,0x0000000100000000)
 ParOldGen       total 379904K, used 209800K [0x0000000080000000, 0x0000000097300000, 0x00000000d5580000)
  object space 379904K, 55% used [0x0000000080000000,0x000000008cce2200,0x0000000097300000)
 Metaspace       used 147095K, capacity 156526K, committed 156824K, reserved 1185792K
  class space    used 18489K, capacity 20308K, committed 20400K, reserved 1048576K
GC Heap History (10 events):
Event: 750.969 GC heap before
{Heap before GC invocations=37 (full 6):
 PSYoungGen      total 548352K, used 47411K [0x00000000d5580000, 0x0000000100000000, 0x0000000100000000)
  eden space 397824K, 0% used [0x00000000d5580000,0x00000000d5580000,0x00000000eda00000)
  from space 150528K, 31% used [0x00000000eda00000,0x00000000f084cef0,0x00000000f6d00000)
  to   space 143360K, 0% used [0x00000000f7400000,0x00000000f7400000,0x0000000100000000)
 ParOldGen       total 297472K, used 276453K [0x0000000080000000, 0x0000000092280000, 0x00000000d5580000)
  object space 297472K, 92% used [0x0000000080000000,0x0000000090df9620,0x0000000092280000)
 Metaspace       used 146947K, capacity 156410K, committed 156568K, reserved 1185792K
  class space    used 18501K, capacity 20334K, committed 20400K, reserved 1048576K
Event: 753.510 GC heap after
Heap after GC invocations=37 (full 6):
 PSYoungGen      total 548352K, used 0K [0x00000000d5580000, 0x0000000100000000, 0x0000000100000000)
  eden space 397824K, 0% used [0x00000000d5580000,0x00000000d5580000,0x00000000eda00000)
  from space 150528K, 0% used [0x00000000eda00000,0x00000000eda00000,0x00000000f6d00000)
  to   space 143360K, 0% used [0x00000000f7400000,0x00000000f7400000,0x0000000100000000)
 ParOldGen       total 379904K, used 194304K [0x0000000080000000, 0x0000000097300000, 0x00000000d5580000)
  object space 379904K, 51% used [0x0000000080000000,0x000000008bdc0258,0x0000000097300000)
 Metaspace       used 146893K, capacity 156328K, committed 156568K, reserved 1185792K
  class space    used 18480K, capacity 20295K, committed 20400K, reserved 1048576K
}
Event: 755.423 GC heap before
{Heap before GC invocations=38 (full 6):
 PSYoungGen      total 548352K, used 397824K [0x00000000d5580000, 0x0000000100000000, 0x0000000100000000)
  eden space 397824K, 100% used [0x00000000d5580000,0x00000000eda00000,0x00000000eda00000)
  from space 150528K, 0% used [0x00000000eda00000,0x00000000eda00000,0x00000000f6d00000)
  to   space 143360K, 0% used [0x00000000f7400000,0x00000000f7400000,0x0000000100000000)
 ParOldGen       total 379904K, used 194468K [0x0000000080000000, 0x0000000097300000, 0x00000000d5580000)
  object space 379904K, 51% used [0x0000000080000000,0x000000008bde91c8,0x0000000097300000)
 Metaspace       used 146904K, capacity 156328K, committed 156568K, reserved 1185792K
  class space    used 18480K, capacity 20295K, committed 20400K, reserved 1048576K
Event: 755.454 GC heap after
Heap after GC invocations=38 (full 6):
 PSYoungGen      total 538112K, used 13329K [0x00000000d5580000, 0x00000000ff600000, 0x0000000100000000)
  eden space 404992K, 0% used [0x00000000d5580000,0x00000000d5580000,0x00000000ee100000)
  from space 133120K, 10% used [0x00000000f7400000,0x00000000f8104460,0x00000000ff600000)
  to   space 141824K, 0% used [0x00000000ee100000,0x00000000ee100000,0x00000000f6b80000)
 ParOldGen       total 379904K, used 194476K [0x0000000080000000, 0x0000000097300000, 0x00000000d5580000)
  object space 379904K, 51% used [0x0000000080000000,0x000000008bdeb1c8,0x0000000097300000)
 Metaspace       used 146904K, capacity 156328K, committed 156568K, reserved 1185792K
  class space    used 18480K, capacity 20295K, committed 20400K, reserved 1048576K
}
Event: 756.694 GC heap before
{Heap before GC invocations=39 (full 6):
 PSYoungGen      total 538112K, used 418321K [0x00000000d5580000, 0x00000000ff600000, 0x0000000100000000)
  eden space 404992K, 100% used [0x00000000d5580000,0x00000000ee100000,0x00000000ee100000)
  from space 133120K, 10% used [0x00000000f7400000,0x00000000f8104460,0x00000000ff600000)
  to   space 141824K, 0% used [0x00000000ee100000,0x00000000ee100000,0x00000000f6b80000)
 ParOldGen       total 379904K, used 194944K [0x0000000080000000, 0x0000000097300000, 0x00000000d5580000)
  object space 379904K, 51% used [0x0000000080000000,0x000000008be60080,0x0000000097300000)
 Metaspace       used 146915K, capacity 156328K, committed 156568K, reserved 1185792K
  class space    used 18480K, capacity 20295K, committed 20400K, reserved 1048576K
Event: 756.736 GC heap after
Heap after GC invocations=39 (full 6):
 PSYoungGen      total 546816K, used 18366K [0x00000000d5580000, 0x0000000100000000, 0x0000000100000000)
  eden space 404992K, 0% used [0x00000000d5580000,0x00000000d5580000,0x00000000ee100000)
  from space 141824K, 12% used [0x00000000ee100000,0x00000000ef2efae8,0x00000000f6b80000)
  to   space 139264K, 0% used [0x00000000f7800000,0x00000000f7800000,0x0000000100000000)
 ParOldGen       total 379904K, used 194944K [0x0000000080000000, 0x0000000097300000, 0x00000000d5580000)
  object space 379904K, 51% used [0x0000000080000000,0x000000008be60080,0x0000000097300000)
 Metaspace       used 146915K, capacity 156328K, committed 156568K, reserved 1185792K
  class space    used 18480K, capacity 20295K, committed 20400K, reserved 1048576K
}
Event: 758.277 GC heap before
{Heap before GC invocations=40 (full 6):
 PSYoungGen      total 546816K, used 423358K [0x00000000d5580000, 0x0000000100000000, 0x0000000100000000)
  eden space 404992K, 100% used [0x00000000d5580000,0x00000000ee100000,0x00000000ee100000)
  from space 141824K, 12% used [0x00000000ee100000,0x00000000ef2efae8,0x00000000f6b80000)
  to   space 139264K, 0% used [0x00000000f7800000,0x00000000f7800000,0x0000000100000000)
 ParOldGen       total 379904K, used 195010K [0x0000000080000000, 0x0000000097300000, 0x00000000d5580000)
  object space 379904K, 51% used [0x0000000080000000,0x000000008be70bf8,0x0000000097300000)
 Metaspace       used 146924K, capacity 156328K, committed 156568K, reserved 1185792K
  class space    used 18480K, capacity 20295K, committed 20400K, reserved 1048576K
Event: 758.316 GC heap after
Heap after GC invocations=40 (full 6):
 PSYoungGen      total 551424K, used 4719K [0x00000000d5580000, 0x00000000ffa80000, 0x0000000100000000)
  eden space 417792K, 0% used [0x00000000d5580000,0x00000000d5580000,0x00000000eed80000)
  from space 133632K, 3% used [0x00000000f7800000,0x00000000f7c9bc40,0x00000000ffa80000)
  to   space 137728K, 0% used [0x00000000eed80000,0x00000000eed80000,0x00000000f7400000)
 ParOldGen       total 379904K, used 207761K [0x0000000080000000, 0x0000000097300000, 0x00000000d5580000)
  object space 379904K, 54% used [0x0000000080000000,0x000000008cae47c0,0x0000000097300000)
 Metaspace       used 146924K, capacity 156328K, committed 156568K, reserved 1185792K
  class space    used 18480K, capacity 20295K, committed 20400K, reserved 1048576K
}
Event: 761.805 GC heap before
{Heap before GC invocations=41 (full 6):
 PSYoungGen      total 551424K, used 422511K [0x00000000d5580000, 0x00000000ffa80000, 0x0000000100000000)
  eden space 417792K, 100% used [0x00000000d5580000,0x00000000eed80000,0x00000000eed80000)
  from space 133632K, 3% used [0x00000000f7800000,0x00000000f7c9bc40,0x00000000ffa80000)
  to   space 137728K, 0% used [0x00000000eed80000,0x00000000eed80000,0x00000000f7400000)
 ParOldGen       total 379904K, used 207761K [0x0000000080000000, 0x0000000097300000, 0x00000000d5580000)
  object space 379904K, 54% used [0x0000000080000000,0x000000008cae47c0,0x0000000097300000)
 Metaspace       used 147064K, capacity 156526K, committed 156824K, reserved 1185792K
  class space    used 18489K, capacity 20308K, committed 20400K, reserved 1048576K
Event: 762.078 GC heap after
Heap after GC invocations=41 (full 6):
 PSYoungGen      total 527360K, used 109272K [0x00000000d5580000, 0x0000000100000000, 0x0000000100000000)
  eden space 417792K, 0% used [0x00000000d5580000,0x00000000d5580000,0x00000000eed80000)
  from space 109568K, 99% used [0x00000000eed80000,0x00000000f5836388,0x00000000f5880000)
  to   space 152064K, 0% used [0x00000000f6b80000,0x00000000f6b80000,0x0000000100000000)
 ParOldGen       total 379904K, used 209800K [0x0000000080000000, 0x0000000097300000, 0x00000000d5580000)
  object space 379904K, 55% used [0x0000000080000000,0x000000008cce2200,0x0000000097300000)
 Metaspace       used 147064K, capacity 156526K, committed 156824K, reserved 1185792K
  class space    used 18489K, capacity 20308K, committed 20400K, reserved 1048576K
}

